<?xml version="1.0" encoding="UTF-8"?>
<testsuite xmlns:xsi="http://www.w3.org/2001/XMLSchema-instance" xsi:noNamespaceSchemaLocation="https://maven.apache.org/surefire/maven-surefire-plugin/xsd/surefire-test-report.xsd" name="ui.screenplay.automationtesting.SelectComponentofHospital" time="291.219" tests="1" errors="0" skipped="0" failures="1">
  <properties>
    <property name="sun.desktop" value="windows"/>
    <property name="awt.toolkit" value="sun.awt.windows.WToolkit"/>
    <property name="file.encoding.pkg" value="sun.io"/>
    <property name="java.specification.version" value="1.8"/>
    <property name="sun.cpu.isalist" value="amd64"/>
    <property name="sun.jnu.encoding" value="Cp1252"/>
    <property name="java.class.path" value="C:\GitProjects\demos\screenplaypatternreto3.0\target\test-classes;C:\GitProjects\demos\screenplaypatternreto3.0\target\classes;C:\repositorio_maven\net\serenity-bdd\serenity-rest-assured\2.0.71\serenity-rest-assured-2.0.71.jar;C:\repositorio_maven\net\bytebuddy\byte-buddy\1.10.1\byte-buddy-1.10.1.jar;C:\repositorio_maven\net\bytebuddy\byte-buddy-agent\1.10.1\byte-buddy-agent-1.10.1.jar;C:\repositorio_maven\com\google\guava\guava\25.0-jre\guava-25.0-jre.jar;C:\repositorio_maven\com\google\code\findbugs\jsr305\1.3.9\jsr305-1.3.9.jar;C:\repositorio_maven\org\checkerframework\checker-compat-qual\2.0.0\checker-compat-qual-2.0.0.jar;C:\repositorio_maven\com\google\errorprone\error_prone_annotations\2.1.3\error_prone_annotations-2.1.3.jar;C:\repositorio_maven\com\google\j2objc\j2objc-annotations\1.1\j2objc-annotations-1.1.jar;C:\repositorio_maven\org\codehaus\mojo\animal-sniffer-annotations\1.14\animal-sniffer-annotations-1.14.jar;C:\repositorio_maven\com\google\inject\guice\4.2.2\guice-4.2.2.jar;C:\repositorio_maven\javax\inject\javax.inject\1\javax.inject-1.jar;C:\repositorio_maven\aopalliance\aopalliance\1.0\aopalliance-1.0.jar;C:\repositorio_maven\cglib\cglib\3.2.5\cglib-3.2.5.jar;C:\repositorio_maven\org\ow2\asm\asm\5.0.3\asm-5.0.3.jar;C:\repositorio_maven\commons-codec\commons-codec\1.10\commons-codec-1.10.jar;C:\repositorio_maven\org\objenesis\objenesis\2.6\objenesis-2.6.jar;C:\repositorio_maven\org\slf4j\slf4j-api\1.7.26\slf4j-api-1.7.26.jar;C:\repositorio_maven\xml-apis\xml-apis\1.4.01\xml-apis-1.4.01.jar;C:\repositorio_maven\io\cucumber\cucumber-core\2.4.0\cucumber-core-2.4.0.jar;C:\repositorio_maven\info\cukes\cucumber-html\0.2.6\cucumber-html-0.2.6.jar;C:\repositorio_maven\io\cucumber\cucumber-jvm-deps\1.0.6\cucumber-jvm-deps-1.0.6.jar;C:\repositorio_maven\io\cucumber\gherkin\5.0.0\gherkin-5.0.0.jar;C:\repositorio_maven\io\cucumber\tag-expressions\1.1.1\tag-expressions-1.1.1.jar;C:\repositorio_maven\commons-logging\commons-logging\1.2\commons-logging-1.2.jar;C:\repositorio_maven\junit\junit\4.12\junit-4.12.jar;C:\repositorio_maven\io\vavr\vavr\0.9.0\vavr-0.9.0.jar;C:\repositorio_maven\io\vavr\vavr-match\0.9.0\vavr-match-0.9.0.jar;C:\repositorio_maven\javax\xml\bind\jaxb-api\2.2.12\jaxb-api-2.2.12.jar;C:\repositorio_maven\com\sun\xml\bind\jaxb-core\2.3.0.1\jaxb-core-2.3.0.1.jar;C:\repositorio_maven\com\sun\xml\bind\jaxb-impl\2.3.0.1\jaxb-impl-2.3.0.1.jar;C:\repositorio_maven\javax\activation\activation\1.1.1\activation-1.1.1.jar;C:\repositorio_maven\org\mockito\mockito-core\2.25.0\mockito-core-2.25.0.jar;C:\repositorio_maven\net\serenity-bdd\serenity-core\2.0.71\serenity-core-2.0.71.jar;C:\repositorio_maven\net\serenity-bdd\serenity-report-resources\2.0.71\serenity-report-resources-2.0.71.jar;C:\repositorio_maven\commons-io\commons-io\2.6\commons-io-2.6.jar;C:\repositorio_maven\org\seleniumhq\selenium\selenium-server\3.141.59\selenium-server-3.141.59.jar;C:\repositorio_maven\org\seleniumhq\selenium\selenium-firefox-driver\3.141.59\selenium-firefox-driver-3.141.59.jar;C:\repositorio_maven\org\seleniumhq\selenium\selenium-ie-driver\3.141.59\selenium-ie-driver-3.141.59.jar;C:\repositorio_maven\org\apache\commons\commons-exec\1.3\commons-exec-1.3.jar;C:\repositorio_maven\net\jcip\jcip-annotations\1.0\jcip-annotations-1.0.jar;C:\repositorio_maven\org\seleniumhq\selenium\jetty-repacked\9.4.12.v20180830\jetty-repacked-9.4.12.v20180830.jar;C:\repositorio_maven\com\squareup\okhttp3\okhttp\3.11.0\okhttp-3.11.0.jar;C:\repositorio_maven\com\squareup\okio\okio\1.14.0\okio-1.14.0.jar;C:\repositorio_maven\javax\servlet\javax.servlet-api\3.1.0\javax.servlet-api-3.1.0.jar;C:\repositorio_maven\org\yaml\snakeyaml\1.19\snakeyaml-1.19.jar;C:\repositorio_maven\org\seleniumhq\selenium\selenium-java\3.141.59\selenium-java-3.141.59.jar;C:\repositorio_maven\org\seleniumhq\selenium\selenium-api\3.141.59\selenium-api-3.141.59.jar;C:\repositorio_maven\org\seleniumhq\selenium\selenium-chrome-driver\3.141.59\selenium-chrome-driver-3.141.59.jar;C:\repositorio_maven\org\seleniumhq\selenium\selenium-edge-driver\3.141.59\selenium-edge-driver-3.141.59.jar;C:\repositorio_maven\org\seleniumhq\selenium\selenium-remote-driver\3.141.59\selenium-remote-driver-3.141.59.jar;C:\repositorio_maven\org\seleniumhq\selenium\selenium-safari-driver\3.141.59\selenium-safari-driver-3.141.59.jar;C:\repositorio_maven\org\seleniumhq\selenium\selenium-opera-driver\3.141.59\selenium-opera-driver-3.141.59.jar;C:\repositorio_maven\org\seleniumhq\selenium\selenium-support\3.141.59\selenium-support-3.141.59.jar;C:\repositorio_maven\com\paulhammant\ngwebdriver\1.1.4\ngwebdriver-1.1.4.jar;C:\repositorio_maven\com\codeborne\phantomjsdriver\1.4.4\phantomjsdriver-1.4.4.jar;C:\repositorio_maven\org\eclipse\jetty\jetty-util\9.4.8.v20171121\jetty-util-9.4.8.v20171121.jar;C:\repositorio_maven\org\eclipse\jetty\jetty-io\9.4.8.v20171121\jetty-io-9.4.8.v20171121.jar;C:\repositorio_maven\org\seleniumhq\selenium\htmlunit-driver\2.36.0\htmlunit-driver-2.36.0.jar;C:\repositorio_maven\io\appium\java-client\7.2.0\java-client-7.2.0.jar;C:\repositorio_maven\commons-validator\commons-validator\1.6\commons-validator-1.6.jar;C:\repositorio_maven\commons-beanutils\commons-beanutils\1.9.2\commons-beanutils-1.9.2.jar;C:\repositorio_maven\commons-digester\commons-digester\1.8.1\commons-digester-1.8.1.jar;C:\repositorio_maven\org\aspectj\aspectjweaver\1.9.4\aspectjweaver-1.9.4.jar;C:\repositorio_maven\org\springframework\spring-context-support\5.1.2.RELEASE\spring-context-support-5.1.2.RELEASE.jar;C:\repositorio_maven\org\springframework\spring-beans\5.1.2.RELEASE\spring-beans-5.1.2.RELEASE.jar;C:\repositorio_maven\org\springframework\spring-context\5.1.2.RELEASE\spring-context-5.1.2.RELEASE.jar;C:\repositorio_maven\org\springframework\spring-aop\5.1.2.RELEASE\spring-aop-5.1.2.RELEASE.jar;C:\repositorio_maven\org\springframework\spring-expression\5.1.2.RELEASE\spring-expression-5.1.2.RELEASE.jar;C:\repositorio_maven\org\springframework\spring-core\5.1.2.RELEASE\spring-core-5.1.2.RELEASE.jar;C:\repositorio_maven\org\springframework\spring-jcl\5.1.2.RELEASE\spring-jcl-5.1.2.RELEASE.jar;C:\repositorio_maven\org\glassfish\tyrus\tyrus-core\1.13.1\tyrus-core-1.13.1.jar;C:\repositorio_maven\org\glassfish\tyrus\tyrus-spi\1.13.1\tyrus-spi-1.13.1.jar;C:\repositorio_maven\javax\websocket\javax.websocket-api\1.1\javax.websocket-api-1.1.jar;C:\repositorio_maven\net\sf\opencsv\opencsv\2.0\opencsv-2.0.jar;C:\repositorio_maven\commons-beanutils\commons-beanutils-core\1.8.3\commons-beanutils-core-1.8.3.jar;C:\repositorio_maven\joda-time\joda-time\2.7\joda-time-2.7.jar;C:\repositorio_maven\com\thoughtworks\xstream\xstream\1.4.9\xstream-1.4.9.jar;C:\repositorio_maven\xmlpull\xmlpull\1.1.3.1\xmlpull-1.1.3.1.jar;C:\repositorio_maven\xpp3\xpp3_min\1.1.4c\xpp3_min-1.1.4c.jar;C:\repositorio_maven\commons-collections\commons-collections\3.2.2\commons-collections-3.2.2.jar;C:\repositorio_maven\org\freemarker\freemarker\2.3.28\freemarker-2.3.28.jar;C:\repositorio_maven\net\sourceforge\jexcelapi\jxl\2.6.12\jxl-2.6.12.jar;C:\repositorio_maven\org\hamcrest\hamcrest-library\1.3\hamcrest-library-1.3.jar;C:\repositorio_maven\net\sourceforge\htmlunit\htmlunit\2.36.0\htmlunit-2.36.0.jar;C:\repositorio_maven\net\sourceforge\htmlunit\htmlunit-core-js\2.36.0\htmlunit-core-js-2.36.0.jar;C:\repositorio_maven\net\sourceforge\htmlunit\neko-htmlunit\2.36.0\neko-htmlunit-2.36.0.jar;C:\repositorio_maven\xerces\xercesImpl\2.12.0\xercesImpl-2.12.0.jar;C:\repositorio_maven\net\sourceforge\htmlunit\htmlunit-cssparser\1.5.0\htmlunit-cssparser-1.5.0.jar;C:\repositorio_maven\org\brotli\dec\0.1.2\dec-0.1.2.jar;C:\repositorio_maven\org\eclipse\jetty\websocket\websocket-client\9.4.20.v20190813\websocket-client-9.4.20.v20190813.jar;C:\repositorio_maven\org\eclipse\jetty\jetty-client\9.4.20.v20190813\jetty-client-9.4.20.v20190813.jar;C:\repositorio_maven\org\eclipse\jetty\jetty-http\9.4.20.v20190813\jetty-http-9.4.20.v20190813.jar;C:\repositorio_maven\org\eclipse\jetty\jetty-xml\9.4.20.v20190813\jetty-xml-9.4.20.v20190813.jar;C:\repositorio_maven\org\eclipse\jetty\websocket\websocket-common\9.4.20.v20190813\websocket-common-9.4.20.v20190813.jar;C:\repositorio_maven\org\eclipse\jetty\websocket\websocket-api\9.4.20.v20190813\websocket-api-9.4.20.v20190813.jar;C:\repositorio_maven\org\apache\httpcomponents\httpclient\4.5.5\httpclient-4.5.5.jar;C:\repositorio_maven\org\apache\httpcomponents\httpcore\4.4.9\httpcore-4.4.9.jar;C:\repositorio_maven\org\apache\httpcomponents\httpmime\4.5.5\httpmime-4.5.5.jar;C:\repositorio_maven\org\fluentlenium\fluentlenium-core\0.10.2\fluentlenium-core-0.10.2.jar;C:\repositorio_maven\com\jhlabs\filters\2.0.235\filters-2.0.235.jar;C:\repositorio_maven\org\asciidoctor\asciidoctorj\1.5.6\asciidoctorj-1.5.6.jar;C:\repositorio_maven\org\jruby\jruby-complete\1.7.26\jruby-complete-1.7.26.jar;C:\repositorio_maven\org\imgscalr\imgscalr-lib\4.2\imgscalr-lib-4.2.jar;C:\repositorio_maven\javax\el\javax.el-api\2.2.4\javax.el-api-2.2.4.jar;C:\repositorio_maven\org\glassfish\web\javax.el\2.2.4\javax.el-2.2.4.jar;C:\repositorio_maven\xalan\xalan\2.7.2\xalan-2.7.2.jar;C:\repositorio_maven\xalan\serializer\2.7.2\serializer-2.7.2.jar;C:\repositorio_maven\org\awaitility\awaitility\3.1.0\awaitility-3.1.0.jar;C:\repositorio_maven\com\typesafe\config\1.3.1\config-1.3.1.jar;C:\repositorio_maven\org\jsoup\jsoup\1.10.3\jsoup-1.10.3.jar;C:\repositorio_maven\com\google\jimfs\jimfs\1.1\jimfs-1.1.jar;C:\repositorio_maven\es\nitaur\markdown\txtmark\0.16\txtmark-0.16.jar;C:\repositorio_maven\com\vladsch\flexmark\flexmark-all\0.34.30\flexmark-all-0.34.30.jar;C:\repositorio_maven\com\vladsch\flexmark\flexmark\0.34.30\flexmark-0.34.30.jar;C:\repositorio_maven\com\vladsch\flexmark\flexmark-ext-abbreviation\0.34.30\flexmark-ext-abbreviation-0.34.30.jar;C:\repositorio_maven\com\vladsch\flexmark\flexmark-ext-admonition\0.34.30\flexmark-ext-admonition-0.34.30.jar;C:\repositorio_maven\com\vladsch\flexmark\flexmark-ext-anchorlink\0.34.30\flexmark-ext-anchorlink-0.34.30.jar;C:\repositorio_maven\com\vladsch\flexmark\flexmark-ext-aside\0.34.30\flexmark-ext-aside-0.34.30.jar;C:\repositorio_maven\com\vladsch\flexmark\flexmark-ext-attributes\0.34.30\flexmark-ext-attributes-0.34.30.jar;C:\repositorio_maven\com\vladsch\flexmark\flexmark-ext-autolink\0.34.30\flexmark-ext-autolink-0.34.30.jar;C:\repositorio_maven\org\nibor\autolink\autolink\0.6.0\autolink-0.6.0.jar;C:\repositorio_maven\com\vladsch\flexmark\flexmark-ext-definition\0.34.30\flexmark-ext-definition-0.34.30.jar;C:\repositorio_maven\com\vladsch\flexmark\flexmark-ext-emoji\0.34.30\flexmark-ext-emoji-0.34.30.jar;C:\repositorio_maven\com\vladsch\flexmark\flexmark-ext-enumerated-reference\0.34.30\flexmark-ext-enumerated-reference-0.34.30.jar;C:\repositorio_maven\com\vladsch\flexmark\flexmark-ext-escaped-character\0.34.30\flexmark-ext-escaped-character-0.34.30.jar;C:\repositorio_maven\com\vladsch\flexmark\flexmark-ext-footnotes\0.34.30\flexmark-ext-footnotes-0.34.30.jar;C:\repositorio_maven\com\vladsch\flexmark\flexmark-ext-gfm-issues\0.34.30\flexmark-ext-gfm-issues-0.34.30.jar;C:\repositorio_maven\com\vladsch\flexmark\flexmark-ext-gfm-strikethrough\0.34.30\flexmark-ext-gfm-strikethrough-0.34.30.jar;C:\repositorio_maven\com\vladsch\flexmark\flexmark-ext-gfm-tables\0.34.30\flexmark-ext-gfm-tables-0.34.30.jar;C:\repositorio_maven\com\vladsch\flexmark\flexmark-ext-gfm-tasklist\0.34.30\flexmark-ext-gfm-tasklist-0.34.30.jar;C:\repositorio_maven\com\vladsch\flexmark\flexmark-ext-gfm-users\0.34.30\flexmark-ext-gfm-users-0.34.30.jar;C:\repositorio_maven\com\vladsch\flexmark\flexmark-ext-gitlab\0.34.30\flexmark-ext-gitlab-0.34.30.jar;C:\repositorio_maven\com\vladsch\flexmark\flexmark-ext-jekyll-front-matter\0.34.30\flexmark-ext-jekyll-front-matter-0.34.30.jar;C:\repositorio_maven\com\vladsch\flexmark\flexmark-ext-jekyll-tag\0.34.30\flexmark-ext-jekyll-tag-0.34.30.jar;C:\repositorio_maven\com\vladsch\flexmark\flexmark-ext-media-tags\0.34.30\flexmark-ext-media-tags-0.34.30.jar;C:\repositorio_maven\com\vladsch\flexmark\flexmark-test-util\0.34.30\flexmark-test-util-0.34.30.jar;C:\repositorio_maven\com\vladsch\flexmark\flexmark-ext-ins\0.34.30\flexmark-ext-ins-0.34.30.jar;C:\repositorio_maven\com\vladsch\flexmark\flexmark-ext-xwiki-macros\0.34.30\flexmark-ext-xwiki-macros-0.34.30.jar;C:\repositorio_maven\com\vladsch\flexmark\flexmark-ext-superscript\0.34.30\flexmark-ext-superscript-0.34.30.jar;C:\repositorio_maven\com\vladsch\flexmark\flexmark-ext-tables\0.34.30\flexmark-ext-tables-0.34.30.jar;C:\repositorio_maven\com\vladsch\flexmark\flexmark-ext-toc\0.34.30\flexmark-ext-toc-0.34.30.jar;C:\repositorio_maven\com\vladsch\flexmark\flexmark-ext-typographic\0.34.30\flexmark-ext-typographic-0.34.30.jar;C:\repositorio_maven\com\vladsch\flexmark\flexmark-ext-wikilink\0.34.30\flexmark-ext-wikilink-0.34.30.jar;C:\repositorio_maven\com\vladsch\flexmark\flexmark-ext-yaml-front-matter\0.34.30\flexmark-ext-yaml-front-matter-0.34.30.jar;C:\repositorio_maven\com\vladsch\flexmark\flexmark-ext-youtube-embedded\0.34.30\flexmark-ext-youtube-embedded-0.34.30.jar;C:\repositorio_maven\com\vladsch\flexmark\flexmark-formatter\0.34.30\flexmark-formatter-0.34.30.jar;C:\repositorio_maven\com\vladsch\flexmark\flexmark-html-parser\0.34.30\flexmark-html-parser-0.34.30.jar;C:\repositorio_maven\com\vladsch\flexmark\flexmark-jira-converter\0.34.30\flexmark-jira-converter-0.34.30.jar;C:\repositorio_maven\com\vladsch\flexmark\flexmark-pdf-converter\0.34.30\flexmark-pdf-converter-0.34.30.jar;C:\repositorio_maven\com\openhtmltopdf\openhtmltopdf-core\0.0.1-RC13\openhtmltopdf-core-0.0.1-RC13.jar;C:\repositorio_maven\com\openhtmltopdf\openhtmltopdf-pdfbox\0.0.1-RC13\openhtmltopdf-pdfbox-0.0.1-RC13.jar;C:\repositorio_maven\org\apache\pdfbox\pdfbox\2.0.8\pdfbox-2.0.8.jar;C:\repositorio_maven\org\apache\pdfbox\fontbox\2.0.8\fontbox-2.0.8.jar;C:\repositorio_maven\org\apache\pdfbox\xmpbox\2.0.8\xmpbox-2.0.8.jar;C:\repositorio_maven\de\rototor\pdfbox\graphics2d\0.12\graphics2d-0.12.jar;C:\repositorio_maven\com\openhtmltopdf\openhtmltopdf-rtl-support\0.0.1-RC13\openhtmltopdf-rtl-support-0.0.1-RC13.jar;C:\repositorio_maven\com\ibm\icu\icu4j\59.1\icu4j-59.1.jar;C:\repositorio_maven\com\openhtmltopdf\openhtmltopdf-jsoup-dom-converter\0.0.1-RC13\openhtmltopdf-jsoup-dom-converter-0.0.1-RC13.jar;C:\repositorio_maven\com\vladsch\flexmark\flexmark-profile-pegdown\0.34.30\flexmark-profile-pegdown-0.34.30.jar;C:\repositorio_maven\com\vladsch\flexmark\flexmark-util\0.34.30\flexmark-util-0.34.30.jar;C:\repositorio_maven\com\vladsch\flexmark\flexmark-youtrack-converter\0.34.30\flexmark-youtrack-converter-0.34.30.jar;C:\repositorio_maven\io\rest-assured\rest-assured\3.3.0\rest-assured-3.3.0.jar;C:\repositorio_maven\org\ccil\cowan\tagsoup\tagsoup\1.2.1\tagsoup-1.2.1.jar;C:\repositorio_maven\io\rest-assured\json-path\3.3.0\json-path-3.3.0.jar;C:\repositorio_maven\io\rest-assured\rest-assured-common\3.3.0\rest-assured-common-3.3.0.jar;C:\repositorio_maven\io\rest-assured\xml-path\3.3.0\xml-path-3.3.0.jar;C:\repositorio_maven\com\sun\xml\bind\jaxb-osgi\2.2.10\jaxb-osgi-2.2.10.jar;C:\repositorio_maven\org\apache\sling\org.apache.sling.javax.activation\0.1.0\org.apache.sling.javax.activation-0.1.0.jar;C:\repositorio_maven\org\codehaus\groovy\groovy\2.5.5\groovy-2.5.5.jar;C:\repositorio_maven\org\codehaus\groovy\groovy-xml\2.5.5\groovy-xml-2.5.5.jar;C:\repositorio_maven\org\codehaus\groovy\groovy-json\2.5.5\groovy-json-2.5.5.jar;C:\repositorio_maven\log4j\log4j\1.2.17\log4j-1.2.17.jar;C:\repositorio_maven\net\serenity-bdd\serenity-junit\2.0.71\serenity-junit-2.0.71.jar;C:\repositorio_maven\net\serenity-bdd\serenity-model\2.0.71\serenity-model-2.0.71.jar;C:\repositorio_maven\commons-net\commons-net\3.6\commons-net-3.6.jar;C:\repositorio_maven\org\apache\commons\commons-text\1.6\commons-text-1.6.jar;C:\repositorio_maven\org\hamcrest\hamcrest-core\1.3\hamcrest-core-1.3.jar;C:\repositorio_maven\org\apache\commons\commons-lang3\3.9\commons-lang3-3.9.jar;C:\repositorio_maven\net\serenity-bdd\serenity-ensure\2.0.71\serenity-ensure-2.0.71.jar;C:\repositorio_maven\net\serenity-bdd\serenity-screenplay-webdriver\2.0.71\serenity-screenplay-webdriver-2.0.71.jar;C:\repositorio_maven\org\jetbrains\kotlin\kotlin-stdlib\1.3.31\kotlin-stdlib-1.3.31.jar;C:\repositorio_maven\org\jetbrains\kotlin\kotlin-stdlib-common\1.3.31\kotlin-stdlib-common-1.3.31.jar;C:\repositorio_maven\org\jetbrains\annotations\13.0\annotations-13.0.jar;C:\repositorio_maven\org\assertj\assertj-core\3.14.0\assertj-core-3.14.0.jar;C:\repositorio_maven\org\json\json\20190722\json-20190722.jar;C:\repositorio_maven\uk\co\datumedge\hamcrest-json\0.2\hamcrest-json-0.2.jar;C:\repositorio_maven\org\skyscreamer\jsonassert\1.1.1\jsonassert-1.1.1.jar;C:\repositorio_maven\net\serenity-bdd\serenity-screenplay\2.0.71\serenity-screenplay-2.0.71.jar;C:\repositorio_maven\uk\com\robust-it\cloning\1.9.10\cloning-1.9.10.jar;C:\repositorio_maven\net\serenity-bdd\serenity-reports\2.0.71\serenity-reports-2.0.71.jar;C:\repositorio_maven\net\serenity-bdd\serenity-stats\2.0.71\serenity-stats-2.0.71.jar;C:\repositorio_maven\net\serenity-bdd\serenity-cucumber\1.9.45\serenity-cucumber-1.9.45.jar;C:\repositorio_maven\io\cucumber\cucumber-java\2.4.0\cucumber-java-2.4.0.jar;C:\repositorio_maven\io\cucumber\cucumber-junit\2.4.0\cucumber-junit-2.4.0.jar;C:\repositorio_maven\org\apache\commons\commons-csv\1.5\commons-csv-1.5.jar;C:\repositorio_maven\com\google\code\gson\gson\2.8.4\gson-2.8.4.jar;C:\repositorio_maven\org\jooq\jool\0.9.14\jool-0.9.14.jar;C:\repositorio_maven\com\h2database\h2\1.4.199\h2-1.4.199.jar;C:\repositorio_maven\org\testng\testng\7.0.0\testng-7.0.0.jar;C:\repositorio_maven\com\beust\jcommander\1.72\jcommander-1.72.jar;C:\repositorio_maven\org\apache\maven\surefire\surefire-testng-utils\2.22.0\surefire-testng-utils-2.22.0.jar;C:\repositorio_maven\org\apache\maven\surefire\surefire-grouper\2.22.0\surefire-grouper-2.22.0.jar;"/>
    <property name="java.vm.vendor" value="Oracle Corporation"/>
    <property name="sun.arch.data.model" value="64"/>
    <property name="user.variant" value=""/>
    <property name="java.vendor.url" value="http://java.oracle.com/"/>
    <property name="user.timezone" value="America/Bogota"/>
    <property name="java.vm.specification.version" value="1.8"/>
    <property name="os.name" value="Windows 10"/>
    <property name="user.country" value="PA"/>
    <property name="sun.java.launcher" value="SUN_STANDARD"/>
    <property name="sun.boot.library.path" value="C:\app\Java\jdk1.8.0_241\jre\bin"/>
    <property name="sun.java.command" value="C:\Users\HENRYS~1\AppData\Local\Temp\surefire6164443141440343647\surefirebooter6698954812999718187.jar C:\Users\Henry Salinas\AppData\Local\Temp\surefire6164443141440343647 2020-05-31T15-29-49_560-jvmRun1 surefire3514292338958384145tmp surefire_03621123866224715157tmp"/>
    <property name="test" value="ui.screenplay.automationtesting.SelectComponentofHospital"/>
    <property name="surefire.test.class.path" value="C:\GitProjects\demos\screenplaypatternreto3.0\target\test-classes;C:\GitProjects\demos\screenplaypatternreto3.0\target\classes;C:\repositorio_maven\net\serenity-bdd\serenity-rest-assured\2.0.71\serenity-rest-assured-2.0.71.jar;C:\repositorio_maven\net\bytebuddy\byte-buddy\1.10.1\byte-buddy-1.10.1.jar;C:\repositorio_maven\net\bytebuddy\byte-buddy-agent\1.10.1\byte-buddy-agent-1.10.1.jar;C:\repositorio_maven\com\google\guava\guava\25.0-jre\guava-25.0-jre.jar;C:\repositorio_maven\com\google\code\findbugs\jsr305\1.3.9\jsr305-1.3.9.jar;C:\repositorio_maven\org\checkerframework\checker-compat-qual\2.0.0\checker-compat-qual-2.0.0.jar;C:\repositorio_maven\com\google\errorprone\error_prone_annotations\2.1.3\error_prone_annotations-2.1.3.jar;C:\repositorio_maven\com\google\j2objc\j2objc-annotations\1.1\j2objc-annotations-1.1.jar;C:\repositorio_maven\org\codehaus\mojo\animal-sniffer-annotations\1.14\animal-sniffer-annotations-1.14.jar;C:\repositorio_maven\com\google\inject\guice\4.2.2\guice-4.2.2.jar;C:\repositorio_maven\javax\inject\javax.inject\1\javax.inject-1.jar;C:\repositorio_maven\aopalliance\aopalliance\1.0\aopalliance-1.0.jar;C:\repositorio_maven\cglib\cglib\3.2.5\cglib-3.2.5.jar;C:\repositorio_maven\org\ow2\asm\asm\5.0.3\asm-5.0.3.jar;C:\repositorio_maven\commons-codec\commons-codec\1.10\commons-codec-1.10.jar;C:\repositorio_maven\org\objenesis\objenesis\2.6\objenesis-2.6.jar;C:\repositorio_maven\org\slf4j\slf4j-api\1.7.26\slf4j-api-1.7.26.jar;C:\repositorio_maven\xml-apis\xml-apis\1.4.01\xml-apis-1.4.01.jar;C:\repositorio_maven\io\cucumber\cucumber-core\2.4.0\cucumber-core-2.4.0.jar;C:\repositorio_maven\info\cukes\cucumber-html\0.2.6\cucumber-html-0.2.6.jar;C:\repositorio_maven\io\cucumber\cucumber-jvm-deps\1.0.6\cucumber-jvm-deps-1.0.6.jar;C:\repositorio_maven\io\cucumber\gherkin\5.0.0\gherkin-5.0.0.jar;C:\repositorio_maven\io\cucumber\tag-expressions\1.1.1\tag-expressions-1.1.1.jar;C:\repositorio_maven\commons-logging\commons-logging\1.2\commons-logging-1.2.jar;C:\repositorio_maven\junit\junit\4.12\junit-4.12.jar;C:\repositorio_maven\io\vavr\vavr\0.9.0\vavr-0.9.0.jar;C:\repositorio_maven\io\vavr\vavr-match\0.9.0\vavr-match-0.9.0.jar;C:\repositorio_maven\javax\xml\bind\jaxb-api\2.2.12\jaxb-api-2.2.12.jar;C:\repositorio_maven\com\sun\xml\bind\jaxb-core\2.3.0.1\jaxb-core-2.3.0.1.jar;C:\repositorio_maven\com\sun\xml\bind\jaxb-impl\2.3.0.1\jaxb-impl-2.3.0.1.jar;C:\repositorio_maven\javax\activation\activation\1.1.1\activation-1.1.1.jar;C:\repositorio_maven\org\mockito\mockito-core\2.25.0\mockito-core-2.25.0.jar;C:\repositorio_maven\net\serenity-bdd\serenity-core\2.0.71\serenity-core-2.0.71.jar;C:\repositorio_maven\net\serenity-bdd\serenity-report-resources\2.0.71\serenity-report-resources-2.0.71.jar;C:\repositorio_maven\commons-io\commons-io\2.6\commons-io-2.6.jar;C:\repositorio_maven\org\seleniumhq\selenium\selenium-server\3.141.59\selenium-server-3.141.59.jar;C:\repositorio_maven\org\seleniumhq\selenium\selenium-firefox-driver\3.141.59\selenium-firefox-driver-3.141.59.jar;C:\repositorio_maven\org\seleniumhq\selenium\selenium-ie-driver\3.141.59\selenium-ie-driver-3.141.59.jar;C:\repositorio_maven\org\apache\commons\commons-exec\1.3\commons-exec-1.3.jar;C:\repositorio_maven\net\jcip\jcip-annotations\1.0\jcip-annotations-1.0.jar;C:\repositorio_maven\org\seleniumhq\selenium\jetty-repacked\9.4.12.v20180830\jetty-repacked-9.4.12.v20180830.jar;C:\repositorio_maven\com\squareup\okhttp3\okhttp\3.11.0\okhttp-3.11.0.jar;C:\repositorio_maven\com\squareup\okio\okio\1.14.0\okio-1.14.0.jar;C:\repositorio_maven\javax\servlet\javax.servlet-api\3.1.0\javax.servlet-api-3.1.0.jar;C:\repositorio_maven\org\yaml\snakeyaml\1.19\snakeyaml-1.19.jar;C:\repositorio_maven\org\seleniumhq\selenium\selenium-java\3.141.59\selenium-java-3.141.59.jar;C:\repositorio_maven\org\seleniumhq\selenium\selenium-api\3.141.59\selenium-api-3.141.59.jar;C:\repositorio_maven\org\seleniumhq\selenium\selenium-chrome-driver\3.141.59\selenium-chrome-driver-3.141.59.jar;C:\repositorio_maven\org\seleniumhq\selenium\selenium-edge-driver\3.141.59\selenium-edge-driver-3.141.59.jar;C:\repositorio_maven\org\seleniumhq\selenium\selenium-remote-driver\3.141.59\selenium-remote-driver-3.141.59.jar;C:\repositorio_maven\org\seleniumhq\selenium\selenium-safari-driver\3.141.59\selenium-safari-driver-3.141.59.jar;C:\repositorio_maven\org\seleniumhq\selenium\selenium-opera-driver\3.141.59\selenium-opera-driver-3.141.59.jar;C:\repositorio_maven\org\seleniumhq\selenium\selenium-support\3.141.59\selenium-support-3.141.59.jar;C:\repositorio_maven\com\paulhammant\ngwebdriver\1.1.4\ngwebdriver-1.1.4.jar;C:\repositorio_maven\com\codeborne\phantomjsdriver\1.4.4\phantomjsdriver-1.4.4.jar;C:\repositorio_maven\org\eclipse\jetty\jetty-util\9.4.8.v20171121\jetty-util-9.4.8.v20171121.jar;C:\repositorio_maven\org\eclipse\jetty\jetty-io\9.4.8.v20171121\jetty-io-9.4.8.v20171121.jar;C:\repositorio_maven\org\seleniumhq\selenium\htmlunit-driver\2.36.0\htmlunit-driver-2.36.0.jar;C:\repositorio_maven\io\appium\java-client\7.2.0\java-client-7.2.0.jar;C:\repositorio_maven\commons-validator\commons-validator\1.6\commons-validator-1.6.jar;C:\repositorio_maven\commons-beanutils\commons-beanutils\1.9.2\commons-beanutils-1.9.2.jar;C:\repositorio_maven\commons-digester\commons-digester\1.8.1\commons-digester-1.8.1.jar;C:\repositorio_maven\org\aspectj\aspectjweaver\1.9.4\aspectjweaver-1.9.4.jar;C:\repositorio_maven\org\springframework\spring-context-support\5.1.2.RELEASE\spring-context-support-5.1.2.RELEASE.jar;C:\repositorio_maven\org\springframework\spring-beans\5.1.2.RELEASE\spring-beans-5.1.2.RELEASE.jar;C:\repositorio_maven\org\springframework\spring-context\5.1.2.RELEASE\spring-context-5.1.2.RELEASE.jar;C:\repositorio_maven\org\springframework\spring-aop\5.1.2.RELEASE\spring-aop-5.1.2.RELEASE.jar;C:\repositorio_maven\org\springframework\spring-expression\5.1.2.RELEASE\spring-expression-5.1.2.RELEASE.jar;C:\repositorio_maven\org\springframework\spring-core\5.1.2.RELEASE\spring-core-5.1.2.RELEASE.jar;C:\repositorio_maven\org\springframework\spring-jcl\5.1.2.RELEASE\spring-jcl-5.1.2.RELEASE.jar;C:\repositorio_maven\org\glassfish\tyrus\tyrus-core\1.13.1\tyrus-core-1.13.1.jar;C:\repositorio_maven\org\glassfish\tyrus\tyrus-spi\1.13.1\tyrus-spi-1.13.1.jar;C:\repositorio_maven\javax\websocket\javax.websocket-api\1.1\javax.websocket-api-1.1.jar;C:\repositorio_maven\net\sf\opencsv\opencsv\2.0\opencsv-2.0.jar;C:\repositorio_maven\commons-beanutils\commons-beanutils-core\1.8.3\commons-beanutils-core-1.8.3.jar;C:\repositorio_maven\joda-time\joda-time\2.7\joda-time-2.7.jar;C:\repositorio_maven\com\thoughtworks\xstream\xstream\1.4.9\xstream-1.4.9.jar;C:\repositorio_maven\xmlpull\xmlpull\1.1.3.1\xmlpull-1.1.3.1.jar;C:\repositorio_maven\xpp3\xpp3_min\1.1.4c\xpp3_min-1.1.4c.jar;C:\repositorio_maven\commons-collections\commons-collections\3.2.2\commons-collections-3.2.2.jar;C:\repositorio_maven\org\freemarker\freemarker\2.3.28\freemarker-2.3.28.jar;C:\repositorio_maven\net\sourceforge\jexcelapi\jxl\2.6.12\jxl-2.6.12.jar;C:\repositorio_maven\org\hamcrest\hamcrest-library\1.3\hamcrest-library-1.3.jar;C:\repositorio_maven\net\sourceforge\htmlunit\htmlunit\2.36.0\htmlunit-2.36.0.jar;C:\repositorio_maven\net\sourceforge\htmlunit\htmlunit-core-js\2.36.0\htmlunit-core-js-2.36.0.jar;C:\repositorio_maven\net\sourceforge\htmlunit\neko-htmlunit\2.36.0\neko-htmlunit-2.36.0.jar;C:\repositorio_maven\xerces\xercesImpl\2.12.0\xercesImpl-2.12.0.jar;C:\repositorio_maven\net\sourceforge\htmlunit\htmlunit-cssparser\1.5.0\htmlunit-cssparser-1.5.0.jar;C:\repositorio_maven\org\brotli\dec\0.1.2\dec-0.1.2.jar;C:\repositorio_maven\org\eclipse\jetty\websocket\websocket-client\9.4.20.v20190813\websocket-client-9.4.20.v20190813.jar;C:\repositorio_maven\org\eclipse\jetty\jetty-client\9.4.20.v20190813\jetty-client-9.4.20.v20190813.jar;C:\repositorio_maven\org\eclipse\jetty\jetty-http\9.4.20.v20190813\jetty-http-9.4.20.v20190813.jar;C:\repositorio_maven\org\eclipse\jetty\jetty-xml\9.4.20.v20190813\jetty-xml-9.4.20.v20190813.jar;C:\repositorio_maven\org\eclipse\jetty\websocket\websocket-common\9.4.20.v20190813\websocket-common-9.4.20.v20190813.jar;C:\repositorio_maven\org\eclipse\jetty\websocket\websocket-api\9.4.20.v20190813\websocket-api-9.4.20.v20190813.jar;C:\repositorio_maven\org\apache\httpcomponents\httpclient\4.5.5\httpclient-4.5.5.jar;C:\repositorio_maven\org\apache\httpcomponents\httpcore\4.4.9\httpcore-4.4.9.jar;C:\repositorio_maven\org\apache\httpcomponents\httpmime\4.5.5\httpmime-4.5.5.jar;C:\repositorio_maven\org\fluentlenium\fluentlenium-core\0.10.2\fluentlenium-core-0.10.2.jar;C:\repositorio_maven\com\jhlabs\filters\2.0.235\filters-2.0.235.jar;C:\repositorio_maven\org\asciidoctor\asciidoctorj\1.5.6\asciidoctorj-1.5.6.jar;C:\repositorio_maven\org\jruby\jruby-complete\1.7.26\jruby-complete-1.7.26.jar;C:\repositorio_maven\org\imgscalr\imgscalr-lib\4.2\imgscalr-lib-4.2.jar;C:\repositorio_maven\javax\el\javax.el-api\2.2.4\javax.el-api-2.2.4.jar;C:\repositorio_maven\org\glassfish\web\javax.el\2.2.4\javax.el-2.2.4.jar;C:\repositorio_maven\xalan\xalan\2.7.2\xalan-2.7.2.jar;C:\repositorio_maven\xalan\serializer\2.7.2\serializer-2.7.2.jar;C:\repositorio_maven\org\awaitility\awaitility\3.1.0\awaitility-3.1.0.jar;C:\repositorio_maven\com\typesafe\config\1.3.1\config-1.3.1.jar;C:\repositorio_maven\org\jsoup\jsoup\1.10.3\jsoup-1.10.3.jar;C:\repositorio_maven\com\google\jimfs\jimfs\1.1\jimfs-1.1.jar;C:\repositorio_maven\es\nitaur\markdown\txtmark\0.16\txtmark-0.16.jar;C:\repositorio_maven\com\vladsch\flexmark\flexmark-all\0.34.30\flexmark-all-0.34.30.jar;C:\repositorio_maven\com\vladsch\flexmark\flexmark\0.34.30\flexmark-0.34.30.jar;C:\repositorio_maven\com\vladsch\flexmark\flexmark-ext-abbreviation\0.34.30\flexmark-ext-abbreviation-0.34.30.jar;C:\repositorio_maven\com\vladsch\flexmark\flexmark-ext-admonition\0.34.30\flexmark-ext-admonition-0.34.30.jar;C:\repositorio_maven\com\vladsch\flexmark\flexmark-ext-anchorlink\0.34.30\flexmark-ext-anchorlink-0.34.30.jar;C:\repositorio_maven\com\vladsch\flexmark\flexmark-ext-aside\0.34.30\flexmark-ext-aside-0.34.30.jar;C:\repositorio_maven\com\vladsch\flexmark\flexmark-ext-attributes\0.34.30\flexmark-ext-attributes-0.34.30.jar;C:\repositorio_maven\com\vladsch\flexmark\flexmark-ext-autolink\0.34.30\flexmark-ext-autolink-0.34.30.jar;C:\repositorio_maven\org\nibor\autolink\autolink\0.6.0\autolink-0.6.0.jar;C:\repositorio_maven\com\vladsch\flexmark\flexmark-ext-definition\0.34.30\flexmark-ext-definition-0.34.30.jar;C:\repositorio_maven\com\vladsch\flexmark\flexmark-ext-emoji\0.34.30\flexmark-ext-emoji-0.34.30.jar;C:\repositorio_maven\com\vladsch\flexmark\flexmark-ext-enumerated-reference\0.34.30\flexmark-ext-enumerated-reference-0.34.30.jar;C:\repositorio_maven\com\vladsch\flexmark\flexmark-ext-escaped-character\0.34.30\flexmark-ext-escaped-character-0.34.30.jar;C:\repositorio_maven\com\vladsch\flexmark\flexmark-ext-footnotes\0.34.30\flexmark-ext-footnotes-0.34.30.jar;C:\repositorio_maven\com\vladsch\flexmark\flexmark-ext-gfm-issues\0.34.30\flexmark-ext-gfm-issues-0.34.30.jar;C:\repositorio_maven\com\vladsch\flexmark\flexmark-ext-gfm-strikethrough\0.34.30\flexmark-ext-gfm-strikethrough-0.34.30.jar;C:\repositorio_maven\com\vladsch\flexmark\flexmark-ext-gfm-tables\0.34.30\flexmark-ext-gfm-tables-0.34.30.jar;C:\repositorio_maven\com\vladsch\flexmark\flexmark-ext-gfm-tasklist\0.34.30\flexmark-ext-gfm-tasklist-0.34.30.jar;C:\repositorio_maven\com\vladsch\flexmark\flexmark-ext-gfm-users\0.34.30\flexmark-ext-gfm-users-0.34.30.jar;C:\repositorio_maven\com\vladsch\flexmark\flexmark-ext-gitlab\0.34.30\flexmark-ext-gitlab-0.34.30.jar;C:\repositorio_maven\com\vladsch\flexmark\flexmark-ext-jekyll-front-matter\0.34.30\flexmark-ext-jekyll-front-matter-0.34.30.jar;C:\repositorio_maven\com\vladsch\flexmark\flexmark-ext-jekyll-tag\0.34.30\flexmark-ext-jekyll-tag-0.34.30.jar;C:\repositorio_maven\com\vladsch\flexmark\flexmark-ext-media-tags\0.34.30\flexmark-ext-media-tags-0.34.30.jar;C:\repositorio_maven\com\vladsch\flexmark\flexmark-test-util\0.34.30\flexmark-test-util-0.34.30.jar;C:\repositorio_maven\com\vladsch\flexmark\flexmark-ext-ins\0.34.30\flexmark-ext-ins-0.34.30.jar;C:\repositorio_maven\com\vladsch\flexmark\flexmark-ext-xwiki-macros\0.34.30\flexmark-ext-xwiki-macros-0.34.30.jar;C:\repositorio_maven\com\vladsch\flexmark\flexmark-ext-superscript\0.34.30\flexmark-ext-superscript-0.34.30.jar;C:\repositorio_maven\com\vladsch\flexmark\flexmark-ext-tables\0.34.30\flexmark-ext-tables-0.34.30.jar;C:\repositorio_maven\com\vladsch\flexmark\flexmark-ext-toc\0.34.30\flexmark-ext-toc-0.34.30.jar;C:\repositorio_maven\com\vladsch\flexmark\flexmark-ext-typographic\0.34.30\flexmark-ext-typographic-0.34.30.jar;C:\repositorio_maven\com\vladsch\flexmark\flexmark-ext-wikilink\0.34.30\flexmark-ext-wikilink-0.34.30.jar;C:\repositorio_maven\com\vladsch\flexmark\flexmark-ext-yaml-front-matter\0.34.30\flexmark-ext-yaml-front-matter-0.34.30.jar;C:\repositorio_maven\com\vladsch\flexmark\flexmark-ext-youtube-embedded\0.34.30\flexmark-ext-youtube-embedded-0.34.30.jar;C:\repositorio_maven\com\vladsch\flexmark\flexmark-formatter\0.34.30\flexmark-formatter-0.34.30.jar;C:\repositorio_maven\com\vladsch\flexmark\flexmark-html-parser\0.34.30\flexmark-html-parser-0.34.30.jar;C:\repositorio_maven\com\vladsch\flexmark\flexmark-jira-converter\0.34.30\flexmark-jira-converter-0.34.30.jar;C:\repositorio_maven\com\vladsch\flexmark\flexmark-pdf-converter\0.34.30\flexmark-pdf-converter-0.34.30.jar;C:\repositorio_maven\com\openhtmltopdf\openhtmltopdf-core\0.0.1-RC13\openhtmltopdf-core-0.0.1-RC13.jar;C:\repositorio_maven\com\openhtmltopdf\openhtmltopdf-pdfbox\0.0.1-RC13\openhtmltopdf-pdfbox-0.0.1-RC13.jar;C:\repositorio_maven\org\apache\pdfbox\pdfbox\2.0.8\pdfbox-2.0.8.jar;C:\repositorio_maven\org\apache\pdfbox\fontbox\2.0.8\fontbox-2.0.8.jar;C:\repositorio_maven\org\apache\pdfbox\xmpbox\2.0.8\xmpbox-2.0.8.jar;C:\repositorio_maven\de\rototor\pdfbox\graphics2d\0.12\graphics2d-0.12.jar;C:\repositorio_maven\com\openhtmltopdf\openhtmltopdf-rtl-support\0.0.1-RC13\openhtmltopdf-rtl-support-0.0.1-RC13.jar;C:\repositorio_maven\com\ibm\icu\icu4j\59.1\icu4j-59.1.jar;C:\repositorio_maven\com\openhtmltopdf\openhtmltopdf-jsoup-dom-converter\0.0.1-RC13\openhtmltopdf-jsoup-dom-converter-0.0.1-RC13.jar;C:\repositorio_maven\com\vladsch\flexmark\flexmark-profile-pegdown\0.34.30\flexmark-profile-pegdown-0.34.30.jar;C:\repositorio_maven\com\vladsch\flexmark\flexmark-util\0.34.30\flexmark-util-0.34.30.jar;C:\repositorio_maven\com\vladsch\flexmark\flexmark-youtrack-converter\0.34.30\flexmark-youtrack-converter-0.34.30.jar;C:\repositorio_maven\io\rest-assured\rest-assured\3.3.0\rest-assured-3.3.0.jar;C:\repositorio_maven\org\ccil\cowan\tagsoup\tagsoup\1.2.1\tagsoup-1.2.1.jar;C:\repositorio_maven\io\rest-assured\json-path\3.3.0\json-path-3.3.0.jar;C:\repositorio_maven\io\rest-assured\rest-assured-common\3.3.0\rest-assured-common-3.3.0.jar;C:\repositorio_maven\io\rest-assured\xml-path\3.3.0\xml-path-3.3.0.jar;C:\repositorio_maven\com\sun\xml\bind\jaxb-osgi\2.2.10\jaxb-osgi-2.2.10.jar;C:\repositorio_maven\org\apache\sling\org.apache.sling.javax.activation\0.1.0\org.apache.sling.javax.activation-0.1.0.jar;C:\repositorio_maven\org\codehaus\groovy\groovy\2.5.5\groovy-2.5.5.jar;C:\repositorio_maven\org\codehaus\groovy\groovy-xml\2.5.5\groovy-xml-2.5.5.jar;C:\repositorio_maven\org\codehaus\groovy\groovy-json\2.5.5\groovy-json-2.5.5.jar;C:\repositorio_maven\log4j\log4j\1.2.17\log4j-1.2.17.jar;C:\repositorio_maven\net\serenity-bdd\serenity-junit\2.0.71\serenity-junit-2.0.71.jar;C:\repositorio_maven\net\serenity-bdd\serenity-model\2.0.71\serenity-model-2.0.71.jar;C:\repositorio_maven\commons-net\commons-net\3.6\commons-net-3.6.jar;C:\repositorio_maven\org\apache\commons\commons-text\1.6\commons-text-1.6.jar;C:\repositorio_maven\org\hamcrest\hamcrest-core\1.3\hamcrest-core-1.3.jar;C:\repositorio_maven\org\apache\commons\commons-lang3\3.9\commons-lang3-3.9.jar;C:\repositorio_maven\net\serenity-bdd\serenity-ensure\2.0.71\serenity-ensure-2.0.71.jar;C:\repositorio_maven\net\serenity-bdd\serenity-screenplay-webdriver\2.0.71\serenity-screenplay-webdriver-2.0.71.jar;C:\repositorio_maven\org\jetbrains\kotlin\kotlin-stdlib\1.3.31\kotlin-stdlib-1.3.31.jar;C:\repositorio_maven\org\jetbrains\kotlin\kotlin-stdlib-common\1.3.31\kotlin-stdlib-common-1.3.31.jar;C:\repositorio_maven\org\jetbrains\annotations\13.0\annotations-13.0.jar;C:\repositorio_maven\org\assertj\assertj-core\3.14.0\assertj-core-3.14.0.jar;C:\repositorio_maven\org\json\json\20190722\json-20190722.jar;C:\repositorio_maven\uk\co\datumedge\hamcrest-json\0.2\hamcrest-json-0.2.jar;C:\repositorio_maven\org\skyscreamer\jsonassert\1.1.1\jsonassert-1.1.1.jar;C:\repositorio_maven\net\serenity-bdd\serenity-screenplay\2.0.71\serenity-screenplay-2.0.71.jar;C:\repositorio_maven\uk\com\robust-it\cloning\1.9.10\cloning-1.9.10.jar;C:\repositorio_maven\net\serenity-bdd\serenity-reports\2.0.71\serenity-reports-2.0.71.jar;C:\repositorio_maven\net\serenity-bdd\serenity-stats\2.0.71\serenity-stats-2.0.71.jar;C:\repositorio_maven\net\serenity-bdd\serenity-cucumber\1.9.45\serenity-cucumber-1.9.45.jar;C:\repositorio_maven\io\cucumber\cucumber-java\2.4.0\cucumber-java-2.4.0.jar;C:\repositorio_maven\io\cucumber\cucumber-junit\2.4.0\cucumber-junit-2.4.0.jar;C:\repositorio_maven\org\apache\commons\commons-csv\1.5\commons-csv-1.5.jar;C:\repositorio_maven\com\google\code\gson\gson\2.8.4\gson-2.8.4.jar;C:\repositorio_maven\org\jooq\jool\0.9.14\jool-0.9.14.jar;C:\repositorio_maven\com\h2database\h2\1.4.199\h2-1.4.199.jar;C:\repositorio_maven\org\testng\testng\7.0.0\testng-7.0.0.jar;C:\repositorio_maven\com\beust\jcommander\1.72\jcommander-1.72.jar;C:\repositorio_maven\org\apache\maven\surefire\surefire-testng-utils\2.22.0\surefire-testng-utils-2.22.0.jar;C:\repositorio_maven\org\apache\maven\surefire\surefire-grouper\2.22.0\surefire-grouper-2.22.0.jar;"/>
    <property name="sun.cpu.endian" value="little"/>
    <property name="user.home" value="C:\Users\Henry Salinas"/>
    <property name="user.language" value="es"/>
    <property name="java.specification.vendor" value="Oracle Corporation"/>
    <property name="java.home" value="C:\app\Java\jdk1.8.0_241\jre"/>
    <property name="basedir" value="C:\GitProjects\demos\screenplaypatternreto3.0"/>
    <property name="file.separator" value="\"/>
    <property name="line.separator" value="&#10;"/>
    <property name="java.vm.specification.vendor" value="Oracle Corporation"/>
    <property name="java.specification.name" value="Java Platform API Specification"/>
    <property name="java.awt.graphicsenv" value="sun.awt.Win32GraphicsEnvironment"/>
    <property name="surefire.real.class.path" value="C:\Users\HENRYS~1\AppData\Local\Temp\surefire6164443141440343647\surefirebooter6698954812999718187.jar"/>
    <property name="sun.boot.class.path" value="C:\app\Java\jdk1.8.0_241\jre\lib\resources.jar;C:\app\Java\jdk1.8.0_241\jre\lib\rt.jar;C:\app\Java\jdk1.8.0_241\jre\lib\sunrsasign.jar;C:\app\Java\jdk1.8.0_241\jre\lib\jsse.jar;C:\app\Java\jdk1.8.0_241\jre\lib\jce.jar;C:\app\Java\jdk1.8.0_241\jre\lib\charsets.jar;C:\app\Java\jdk1.8.0_241\jre\lib\jfr.jar;C:\app\Java\jdk1.8.0_241\jre\classes"/>
    <property name="user.script" value=""/>
    <property name="sun.management.compiler" value="HotSpot 64-Bit Tiered Compilers"/>
    <property name="java.runtime.version" value="1.8.0_241-b07"/>
    <property name="user.name" value="Henry Salinas"/>
    <property name="path.separator" value=";"/>
    <property name="os.version" value="10.0"/>
    <property name="java.endorsed.dirs" value="C:\app\Java\jdk1.8.0_241\jre\lib\endorsed"/>
    <property name="java.runtime.name" value="Java(TM) SE Runtime Environment"/>
    <property name="file.encoding" value="Cp1252"/>
    <property name="java.vm.name" value="Java HotSpot(TM) 64-Bit Server VM"/>
    <property name="localRepository" value="C:\repositorio_maven"/>
    <property name="java.vendor.url.bug" value="http://bugreport.sun.com/bugreport/"/>
    <property name="java.io.tmpdir" value="C:\Users\HENRYS~1\AppData\Local\Temp\"/>
    <property name="java.version" value="1.8.0_241"/>
    <property name="user.dir" value="C:\GitProjects\demos\screenplaypatternreto3.0"/>
    <property name="os.arch" value="amd64"/>
    <property name="java.vm.specification.name" value="Java Virtual Machine Specification"/>
    <property name="java.awt.printerjob" value="sun.awt.windows.WPrinterJob"/>
    <property name="sun.os.patch.level" value=""/>
    <property name="java.library.path" value="C:\app\Java\jdk1.8.0_241\jre\bin;C:\Windows\Sun\Java\bin;C:\Windows\system32;C:\Windows;C:\app\Python\Python38-32\Scripts\;C:\app\Python\Python38-32\;C:\Python27\;C:\Python27\Scripts;C:\Windows\system32;C:\Windows;C:\Windows\System32\Wbem;C:\Windows\System32\WindowsPowerShell\v1.0\;C:\Windows\System32\OpenSSH\;C:\app\Java\jdk1.8.0_241\bin;C:\app\Java\jre\bin;C:\apacheMaven\bin;C:\apacheAnt\bin;C:\gradle-6.2.2\bin;C:\spring_cli\bin;C:\app\nodejs\;C:\ProgramData\chocolatey\bin;C:\app\TortoiseSVN\bin;C:\app\TortoiseGit\bin;C:\Program Files\dotnet\;C:\Program Files\Microsoft SQL Server\130\Tools\Binn\;C:\Program Files\Microsoft SQL Server\Client SDK\ODBC\170\Tools\Binn\;C:\app\git\cmd;C:\Program Files\Mozilla Firefox\;C:\ChromeDriver\;C:\Users\Henry Salinas\AppData\Local\Microsoft\WindowsApps;C:\app\MicrosoftVSCode\bin;C:\app\JetBrains\IntelliJ IDEA 2019.3.3\bin;C:\Users\Henry Salinas\AppData\Local\GitHubDesktop\bin;C:\Users\Henry Salinas\AppData\Roaming\npm;."/>
    <property name="java.vm.info" value="mixed mode"/>
    <property name="java.vendor" value="Oracle Corporation"/>
    <property name="java.vm.version" value="25.241-b07"/>
    <property name="java.ext.dirs" value="C:\app\Java\jdk1.8.0_241\jre\lib\ext;C:\Windows\Sun\Java\lib\ext"/>
    <property name="sun.io.unicode.encoding" value="UnicodeLittle"/>
    <property name="java.class.version" value="52.0"/>
  </properties>
  <testcase name="select_appointment_scheduling on select_appointment_scheduling(ui.screenplay.automationtesting.SelectComponentofHospital)" classname="ui.screenplay.automationtesting.SelectComponentofHospital" time="286.216">
    <failure message="no such window: target window already closed&#10;from unknown error: web view not found&#10;  (Session info: chrome=83.0.4103.61)&#10;Build info: version: &apos;3.141.59&apos;, revision: &apos;e82be7d358&apos;, time: &apos;2018-11-14T08:17:03&apos;&#10;System info: host: &apos;ECUIOMSHS&apos;, ip: &apos;192.168.56.1&apos;, os.name: &apos;Windows 10&apos;, os.arch: &apos;amd64&apos;, os.version: &apos;10.0&apos;, java.version: &apos;1.8.0_241&apos;&#10;Driver info: org.openqa.selenium.chrome.ChromeDriver&#10;Capabilities {acceptInsecureCerts: false, browserName: chrome, browserVersion: 83.0.4103.61, chrome: {chromedriverVersion: 83.0.4103.39 (ccbf011cb2d2b..., userDataDir: C:\Users\HENRYS~1\AppData\L...}, goog:chromeOptions: {debuggerAddress: localhost:52009}, javascriptEnabled: true, networkConnectionEnabled: false, pageLoadStrategy: normal, platform: WINDOWS, platformName: WINDOWS, proxy: Proxy(), setWindowRect: true, strictFileInteractability: false, timeouts: {implicit: 0, pageLoad: 300000, script: 30000}, unhandledPromptBehavior: dismiss and notify, webauthn:virtualAuthenticators: true}&#10;Session ID: 114f3d590968566d0471106c8f9a8926&#10;*** Element info: {Using=xpath, value=//*[@id=&quot;page-wrapper&quot;]/div/div[2]/div/div/div/div/div[1]/div/a[6]}&#10;Build info: version: &apos;3.141.59&apos;, revision: &apos;e82be7d358&apos;, time: &apos;2018-11-14T08:17:03&apos;&#10;System info: host: &apos;ECUIOMSHS&apos;, ip: &apos;192.168.56.1&apos;, os.name: &apos;Windows 10&apos;, os.arch: &apos;amd64&apos;, os.version: &apos;10.0&apos;, java.version: &apos;1.8.0_241&apos;&#10;Driver info: driver.version: unknown" type="org.openqa.selenium.NoSuchWindowException">org.openqa.selenium.NoSuchWindowException: 
no such window: target window already closed
from unknown error: web view not found
  (Session info: chrome=83.0.4103.61)
Build info: version: '3.141.59', revision: 'e82be7d358', time: '2018-11-14T08:17:03'
System info: host: 'ECUIOMSHS', ip: '192.168.56.1', os.name: 'Windows 10', os.arch: 'amd64', os.version: '10.0', java.version: '1.8.0_241'
Driver info: org.openqa.selenium.chrome.ChromeDriver
Capabilities {acceptInsecureCerts: false, browserName: chrome, browserVersion: 83.0.4103.61, chrome: {chromedriverVersion: 83.0.4103.39 (ccbf011cb2d2b..., userDataDir: C:\Users\HENRYS~1\AppData\L...}, goog:chromeOptions: {debuggerAddress: localhost:52009}, javascriptEnabled: true, networkConnectionEnabled: false, pageLoadStrategy: normal, platform: WINDOWS, platformName: WINDOWS, proxy: Proxy(), setWindowRect: true, strictFileInteractability: false, timeouts: {implicit: 0, pageLoad: 300000, script: 30000}, unhandledPromptBehavior: dismiss and notify, webauthn:virtualAuthenticators: true}
Session ID: 114f3d590968566d0471106c8f9a8926
*** Element info: {Using=xpath, value=//*[@id="page-wrapper"]/div/div[2]/div/div/div/div/div[1]/div/a[6]}
Build info: version: '3.141.59', revision: 'e82be7d358', time: '2018-11-14T08:17:03'
System info: host: 'ECUIOMSHS', ip: '192.168.56.1', os.name: 'Windows 10', os.arch: 'amd64', os.version: '10.0', java.version: '1.8.0_241'
Driver info: driver.version: unknown
	at ui.screenplay.automationtesting.SelectComponentofHospital.select_appointment_scheduling(SelectComponentofHospital.java:50)
</failure>
    <system-out><![CDATA[2020-05-31
]]></system-out>
    <system-err><![CDATA[SLF4J: Failed to load class "org.slf4j.impl.StaticLoggerBinder".
SLF4J: Defaulting to no-operation (NOP) logger implementation
SLF4J: See http://www.slf4j.org/codes.html#StaticLoggerBinder for further details.
may 31, 2020 3:29:53 PM org.openqa.selenium.remote.DesiredCapabilities chrome
INFORMACIÓN: Using `new ChromeOptions()` is preferred to `DesiredCapabilities.chrome()`
Starting ChromeDriver 83.0.4103.39 (ccbf011cb2d2b19b506d844400483861342c20cd-refs/branch-heads/4103@{#416}) on port 28212
Only local connections are allowed.
Please see https://chromedriver.chromium.org/security-considerations for suggestions on keeping ChromeDriver safe.
ChromeDriver was started successfully.
may 31, 2020 3:29:57 PM org.openqa.selenium.remote.ProtocolHandshake createSession
INFORMACIÓN: Detected dialect: W3C
]]></system-err>
  </testcase>
</testsuite>